\BOOKMARK [1][-]{section.1}{Introduction and Logistics}{}% 1
\BOOKMARK [2][-]{subsection.1.1}{Scenario}{section.1}% 2
\BOOKMARK [2][-]{subsection.1.2}{Logistics}{section.1}% 3
\BOOKMARK [1][-]{section.2}{Game Style}{}% 4
\BOOKMARK [2][-]{subsection.2.1}{Secrets and Powers}{section.2}% 5
\BOOKMARK [2][-]{subsection.2.2}{Calibration and Safety Mechanics}{section.2}% 6
\BOOKMARK [2][-]{subsection.2.3}{The Casting Process}{section.2}% 7
\BOOKMARK [2][-]{subsection.2.4}{Content Warnings}{section.2}% 8
\BOOKMARK [1][-]{section.3}{Character Packets}{}% 9
\BOOKMARK [2][-]{subsection.3.1}{Reality and Game Reality}{section.3}% 10
\BOOKMARK [2][-]{subsection.3.2}{Basic Strategy}{section.3}% 11
\BOOKMARK [1][-]{section.4}{The Game World}{}% 12
\BOOKMARK [2][-]{subsection.4.1}{Searching, Stashing, and Stealing}{section.4}% 13
\BOOKMARK [1][-]{section.5}{Violence, Damage, and Death}{}% 14
\BOOKMARK [2][-]{subsection.5.1}{Health States}{section.5}% 15
\BOOKMARK [2][-]{subsection.5.2}{Martial Combat}{section.5}% 16
\BOOKMARK [2][-]{subsection.5.3}{Healing}{section.5}% 17
\BOOKMARK [1][-]{section.6}{TMF Hope Specific Changes}{}% 18
\BOOKMARK [2][-]{subsection.6.1}{Discord}{section.6}% 19
\BOOKMARK [1][-]{section.7}{Closing Notes}{}% 20
\BOOKMARK [1][-]{appendix.A}{Discord Commands For Players}{}% 21
